[INFO] Scanning for projects...
[INFO]                                                                         
[INFO] ------------------------------------------------------------------------
[INFO] Building database 1.0-SNAPSHOT
[INFO] ------------------------------------------------------------------------
[INFO] 
[INFO] --- maven-clean-plugin:2.5:clean (default-clean) @ database ---
[INFO] Deleting /cs186/Sp19HW2/target
[INFO] 
[INFO] --- maven-resources-plugin:2.6:resources (default-resources) @ database ---
[INFO] Using 'UTF-8' encoding to copy filtered resources.
[INFO] skip non existing resourceDirectory /cs186/Sp19HW2/src/main/resources
[INFO] 
[INFO] --- maven-compiler-plugin:3.2:compile (default-compile) @ database ---
[INFO] Changes detected - recompiling the module!
[INFO] Compiling 63 source files to /cs186/Sp19HW2/target/classes
[INFO] /cs186/Sp19HW2/src/main/java/edu/berkeley/cs186/database/table/stats/Histogram.java: Some input files use unchecked or unsafe operations.
[INFO] /cs186/Sp19HW2/src/main/java/edu/berkeley/cs186/database/table/stats/Histogram.java: Recompile with -Xlint:unchecked for details.
[INFO] 
[INFO] --- maven-resources-plugin:2.6:testResources (default-testResources) @ database ---
[INFO] Using 'UTF-8' encoding to copy filtered resources.
[INFO] skip non existing resourceDirectory /cs186/Sp19HW2/src/test/resources
[INFO] 
[INFO] --- maven-compiler-plugin:3.2:testCompile (default-testCompile) @ database ---
[INFO] Changes detected - recompiling the module!
[INFO] Compiling 51 source files to /cs186/Sp19HW2/target/test-classes
[INFO] /cs186/Sp19HW2/src/test/java/edu/berkeley/cs186/database/table/TestTable.java: /cs186/Sp19HW2/src/test/java/edu/berkeley/cs186/database/table/TestTable.java uses unchecked or unsafe operations.
[INFO] /cs186/Sp19HW2/src/test/java/edu/berkeley/cs186/database/table/TestTable.java: Recompile with -Xlint:unchecked for details.
[INFO] 
[INFO] --- maven-surefire-plugin:2.20.1:test (default-test) @ database ---
[INFO] 
[INFO] -------------------------------------------------------
[INFO]  T E S T S
[INFO] -------------------------------------------------------
[INFO] Running edu.berkeley.cs186.database.index.TestBPlusNode
[INFO] Tests run: 1, Failures: 0, Errors: 0, Skipped: 0, Time elapsed: 0.147 s - in edu.berkeley.cs186.database.index.TestBPlusNode
[INFO] Running edu.berkeley.cs186.database.index.TestBPlusTree
[ERROR] Tests run: 3, Failures: 0, Errors: 3, Skipped: 0, Time elapsed: 0.006 s <<< FAILURE! - in edu.berkeley.cs186.database.index.TestBPlusTree
[ERROR] testSimpleBulkLoad(edu.berkeley.cs186.database.index.TestBPlusTree)  Time elapsed: 0.001 s  <<< ERROR!
java.lang.UnsupportedOperationException: TODO(hw2): implement
	at edu.berkeley.cs186.database.index.BPlusTree.bulkLoad(BPlusTree.java:285)
	at edu.berkeley.cs186.database.index.TestBPlusTree.testSimpleBulkLoad(TestBPlusTree.java:74)
	at sun.reflect.NativeMethodAccessorImpl.invoke0(Native Method)
	at sun.reflect.NativeMethodAccessorImpl.invoke(NativeMethodAccessorImpl.java:62)
	at sun.reflect.DelegatingMethodAccessorImpl.invoke(DelegatingMethodAccessorImpl.java:43)
	at java.lang.reflect.Method.invoke(Method.java:498)
	at org.junit.runners.model.FrameworkMethod$1.runReflectiveCall(FrameworkMethod.java:50)
	at org.junit.internal.runners.model.ReflectiveCallable.run(ReflectiveCallable.java:12)
	at org.junit.runners.model.FrameworkMethod.invokeExplosively(FrameworkMethod.java:47)
	at org.junit.internal.runners.statements.InvokeMethod.evaluate(InvokeMethod.java:17)
	at org.junit.internal.runners.statements.RunBefores.evaluate(RunBefores.java:26)
	at org.junit.internal.runners.statements.FailOnTimeout$CallableStatement.call(FailOnTimeout.java:298)
	at org.junit.internal.runners.statements.FailOnTimeout$CallableStatement.call(FailOnTimeout.java:292)
	at java.util.concurrent.FutureTask.run(FutureTask.java:266)
	at java.lang.Thread.run(Thread.java:748)

[ERROR] testRandomPuts(edu.berkeley.cs186.database.index.TestBPlusTree)  Time elapsed: 0 s  <<< ERROR!
java.lang.UnsupportedOperationException: TODO(hw2): implement
	at edu.berkeley.cs186.database.index.BPlusTree.put(BPlusTree.java:265)
	at edu.berkeley.cs186.database.index.TestBPlusTree.testRandomPuts(TestBPlusTree.java:364)
	at sun.reflect.NativeMethodAccessorImpl.invoke0(Native Method)
	at sun.reflect.NativeMethodAccessorImpl.invoke(NativeMethodAccessorImpl.java:62)
	at sun.reflect.DelegatingMethodAccessorImpl.invoke(DelegatingMethodAccessorImpl.java:43)
	at java.lang.reflect.Method.invoke(Method.java:498)
	at org.junit.runners.model.FrameworkMethod$1.runReflectiveCall(FrameworkMethod.java:50)
	at org.junit.internal.runners.model.ReflectiveCallable.run(ReflectiveCallable.java:12)
	at org.junit.runners.model.FrameworkMethod.invokeExplosively(FrameworkMethod.java:47)
	at org.junit.internal.runners.statements.InvokeMethod.evaluate(InvokeMethod.java:17)
	at org.junit.internal.runners.statements.RunBefores.evaluate(RunBefores.java:26)
	at org.junit.internal.runners.statements.FailOnTimeout$CallableStatement.call(FailOnTimeout.java:298)
	at org.junit.internal.runners.statements.FailOnTimeout$CallableStatement.call(FailOnTimeout.java:292)
	at java.util.concurrent.FutureTask.run(FutureTask.java:266)
	at java.lang.Thread.run(Thread.java:748)

[ERROR] testWhiteBoxTest(edu.berkeley.cs186.database.index.TestBPlusTree)  Time elapsed: 0.004 s  <<< ERROR!
java.lang.UnsupportedOperationException: TODO(hw2): implement
	at edu.berkeley.cs186.database.index.BPlusTree.put(BPlusTree.java:265)
	at edu.berkeley.cs186.database.index.TestBPlusTree.testWhiteBoxTest(TestBPlusTree.java:93)
	at sun.reflect.NativeMethodAccessorImpl.invoke0(Native Method)
	at sun.reflect.NativeMethodAccessorImpl.invoke(NativeMethodAccessorImpl.java:62)
	at sun.reflect.DelegatingMethodAccessorImpl.invoke(DelegatingMethodAccessorImpl.java:43)
	at java.lang.reflect.Method.invoke(Method.java:498)
	at org.junit.runners.model.FrameworkMethod$1.runReflectiveCall(FrameworkMethod.java:50)
	at org.junit.internal.runners.model.ReflectiveCallable.run(ReflectiveCallable.java:12)
	at org.junit.runners.model.FrameworkMethod.invokeExplosively(FrameworkMethod.java:47)
	at org.junit.internal.runners.statements.InvokeMethod.evaluate(InvokeMethod.java:17)
	at org.junit.internal.runners.statements.RunBefores.evaluate(RunBefores.java:26)
	at org.junit.internal.runners.statements.FailOnTimeout$CallableStatement.call(FailOnTimeout.java:298)
	at org.junit.internal.runners.statements.FailOnTimeout$CallableStatement.call(FailOnTimeout.java:292)
	at java.util.concurrent.FutureTask.run(FutureTask.java:266)
	at java.lang.Thread.run(Thread.java:748)

[INFO] Running edu.berkeley.cs186.database.index.TestInnerNode
[ERROR] Tests run: 4, Failures: 2, Errors: 0, Skipped: 0, Time elapsed: 0.062 s <<< FAILURE! - in edu.berkeley.cs186.database.index.TestInnerNode
[ERROR] testNoOverflowPuts(edu.berkeley.cs186.database.index.TestInnerNode)  Time elapsed: 0.02 s  <<< FAILURE!
java.lang.AssertionError: expected:<[0, 1, 2, 3]> but was:<[1, 2, 3]>
	at org.junit.Assert.fail(Assert.java:88)
	at org.junit.Assert.failNotEquals(Assert.java:834)
	at org.junit.Assert.assertEquals(Assert.java:118)
	at org.junit.Assert.assertEquals(Assert.java:144)
	at edu.berkeley.cs186.database.index.TestInnerNode.checkTreeMatchesExpectations(TestInnerNode.java:185)
	at edu.berkeley.cs186.database.index.TestInnerNode.testNoOverflowPuts(TestInnerNode.java:238)
	at sun.reflect.NativeMethodAccessorImpl.invoke0(Native Method)
	at sun.reflect.NativeMethodAccessorImpl.invoke(NativeMethodAccessorImpl.java:62)
	at sun.reflect.DelegatingMethodAccessorImpl.invoke(DelegatingMethodAccessorImpl.java:43)
	at java.lang.reflect.Method.invoke(Method.java:498)
	at org.junit.runners.model.FrameworkMethod$1.runReflectiveCall(FrameworkMethod.java:50)
	at org.junit.internal.runners.model.ReflectiveCallable.run(ReflectiveCallable.java:12)
	at org.junit.runners.model.FrameworkMethod.invokeExplosively(FrameworkMethod.java:47)
	at org.junit.internal.runners.statements.InvokeMethod.evaluate(InvokeMethod.java:17)
	at org.junit.internal.runners.statements.RunBefores.evaluate(RunBefores.java:26)
	at org.junit.internal.runners.statements.FailOnTimeout$CallableStatement.call(FailOnTimeout.java:298)
	at org.junit.internal.runners.statements.FailOnTimeout$CallableStatement.call(FailOnTimeout.java:292)
	at java.util.concurrent.FutureTask.run(FutureTask.java:266)
	at java.lang.Thread.run(Thread.java:748)

[ERROR] testRemove(edu.berkeley.cs186.database.index.TestInnerNode)  Time elapsed: 0.026 s  <<< FAILURE!
java.lang.AssertionError: expected:<[2, 3]> but was:<[1, 2, 3]>
	at org.junit.Assert.fail(Assert.java:88)
	at org.junit.Assert.failNotEquals(Assert.java:834)
	at org.junit.Assert.assertEquals(Assert.java:118)
	at org.junit.Assert.assertEquals(Assert.java:144)
	at edu.berkeley.cs186.database.index.TestInnerNode.checkTreeMatchesExpectations(TestInnerNode.java:185)
	at edu.berkeley.cs186.database.index.TestInnerNode.testRemove(TestInnerNode.java:264)
	at sun.reflect.NativeMethodAccessorImpl.invoke0(Native Method)
	at sun.reflect.NativeMethodAccessorImpl.invoke(NativeMethodAccessorImpl.java:62)
	at sun.reflect.DelegatingMethodAccessorImpl.invoke(DelegatingMethodAccessorImpl.java:43)
	at java.lang.reflect.Method.invoke(Method.java:498)
	at org.junit.runners.model.FrameworkMethod$1.runReflectiveCall(FrameworkMethod.java:50)
	at org.junit.internal.runners.model.ReflectiveCallable.run(ReflectiveCallable.java:12)
	at org.junit.runners.model.FrameworkMethod.invokeExplosively(FrameworkMethod.java:47)
	at org.junit.internal.runners.statements.InvokeMethod.evaluate(InvokeMethod.java:17)
	at org.junit.internal.runners.statements.RunBefores.evaluate(RunBefores.java:26)
	at org.junit.internal.runners.statements.FailOnTimeout$CallableStatement.call(FailOnTimeout.java:298)
	at org.junit.internal.runners.statements.FailOnTimeout$CallableStatement.call(FailOnTimeout.java:292)
	at java.util.concurrent.FutureTask.run(FutureTask.java:266)
	at java.lang.Thread.run(Thread.java:748)

[INFO] Running edu.berkeley.cs186.database.index.TestLeafNode
[ERROR] Tests run: 10, Failures: 1, Errors: 1, Skipped: 0, Time elapsed: 0.094 s <<< FAILURE! - in edu.berkeley.cs186.database.index.TestLeafNode
[ERROR] testSmallBulkLoad(edu.berkeley.cs186.database.index.TestLeafNode)  Time elapsed: 0 s  <<< ERROR!
java.lang.UnsupportedOperationException: TODO(hw2): implement
	at edu.berkeley.cs186.database.index.LeafNode.bulkLoad(LeafNode.java:179)
	at edu.berkeley.cs186.database.index.TestLeafNode.testSmallBulkLoad(TestLeafNode.java:109)
	at sun.reflect.NativeMethodAccessorImpl.invoke0(Native Method)
	at sun.reflect.NativeMethodAccessorImpl.invoke(NativeMethodAccessorImpl.java:62)
	at sun.reflect.DelegatingMethodAccessorImpl.invoke(DelegatingMethodAccessorImpl.java:43)
	at java.lang.reflect.Method.invoke(Method.java:498)
	at org.junit.runners.model.FrameworkMethod$1.runReflectiveCall(FrameworkMethod.java:50)
	at org.junit.internal.runners.model.ReflectiveCallable.run(ReflectiveCallable.java:12)
	at org.junit.runners.model.FrameworkMethod.invokeExplosively(FrameworkMethod.java:47)
	at org.junit.internal.runners.statements.InvokeMethod.evaluate(InvokeMethod.java:17)
	at org.junit.internal.runners.statements.FailOnTimeout$CallableStatement.call(FailOnTimeout.java:298)
	at org.junit.internal.runners.statements.FailOnTimeout$CallableStatement.call(FailOnTimeout.java:292)
	at java.util.concurrent.FutureTask.run(FutureTask.java:266)
	at java.lang.Thread.run(Thread.java:748)

[ERROR] testDuplicatePut(edu.berkeley.cs186.database.index.TestLeafNode)  Time elapsed: 0.007 s  <<< FAILURE!
java.lang.AssertionError: Expected exception: edu.berkeley.cs186.database.index.BPlusTreeException
	at org.junit.internal.runners.statements.ExpectException.evaluate(ExpectException.java:32)
	at org.junit.internal.runners.statements.FailOnTimeout$CallableStatement.call(FailOnTimeout.java:298)
	at org.junit.internal.runners.statements.FailOnTimeout$CallableStatement.call(FailOnTimeout.java:292)
	at java.util.concurrent.FutureTask.run(FutureTask.java:266)
	at java.lang.Thread.run(Thread.java:748)

[INFO] 
[INFO] Results:
[INFO] 
[ERROR] Failures: 
[ERROR]   TestInnerNode.testNoOverflowPuts:238->checkTreeMatchesExpectations:185 expected:<[0, 1, 2, 3]> but was:<[1, 2, 3]>
[ERROR]   TestInnerNode.testRemove:264->checkTreeMatchesExpectations:185 expected:<[2, 3]> but was:<[1, 2, 3]>
[ERROR]   TestLeafNode.testDuplicatePut Expected exception: edu.berkeley.cs186.database.index.BPlusTreeException
[ERROR] Errors: 
[ERROR]   TestBPlusTree.testRandomPuts:364 ? UnsupportedOperation TODO(hw2): implement
[ERROR]   TestBPlusTree.testSimpleBulkLoad:74 ? UnsupportedOperation TODO(hw2): implemen...
[ERROR]   TestBPlusTree.testWhiteBoxTest:93 ? UnsupportedOperation TODO(hw2): implement
[ERROR]   TestLeafNode.testSmallBulkLoad:109 ? UnsupportedOperation TODO(hw2): implement
[INFO] 
[ERROR] Tests run: 18, Failures: 3, Errors: 4, Skipped: 0
[INFO] 
[INFO] ------------------------------------------------------------------------
[INFO] BUILD FAILURE
[INFO] ------------------------------------------------------------------------
[INFO] Total time: 22.902 s
[INFO] Finished at: 2019-02-17T10:12:42+00:00
[INFO] Final Memory: 14M/45M
[INFO] ------------------------------------------------------------------------
[ERROR] Failed to execute goal org.apache.maven.plugins:maven-surefire-plugin:2.20.1:test (default-test) on project database: There are test failures.
[ERROR] 
[ERROR] Please refer to /cs186/Sp19HW2/target/surefire-reports for the individual test results.
[ERROR] Please refer to dump files (if any exist) [date]-jvmRun[N].dump, [date].dumpstream and [date]-jvmRun[N].dumpstream.
[ERROR] -> [Help 1]
[ERROR] 
[ERROR] To see the full stack trace of the errors, re-run Maven with the -e switch.
[ERROR] Re-run Maven using the -X switch to enable full debug logging.
[ERROR] 
[ERROR] For more information about the errors and possible solutions, please read the following articles:
[ERROR] [Help 1] http://cwiki.apache.org/confluence/display/MAVEN/MojoFailureException
